Analysis & Synthesis report for modified_booth_algorithm_4bit
Sat May  4 19:42:51 2024
Quartus Prime Version 22.1std.2 Build 922 07/20/2023 SC Standard Edition


---------------------
; Table of Contents ;
---------------------
  1. Legal Notice
  2. Analysis & Synthesis Summary
  3. Analysis & Synthesis Settings
  4. Parallel Compilation
  5. Analysis & Synthesis Source Files Read
  6. Analysis & Synthesis Resource Usage Summary
  7. Analysis & Synthesis Resource Utilization by Entity
  8. State Machine - |modified_booth_algorithm_4bit|main_stm_nxt_2s
  9. State Machine - |modified_booth_algorithm_4bit|main_stm_nxt_2
 10. State Machine - |modified_booth_algorithm_4bit|main_stm_nxt
 11. State Machine - |modified_booth_algorithm_4bit|main_stm
 12. State Machine - |modified_booth_algorithm_4bit|m_2s_complement_mod:TWOS_Compl_10bit|tog_stm
 13. State Machine - |modified_booth_algorithm_4bit|m_2s_complement_mod:TWOS_Compl_6bit|tog_stm
 14. State Machine - |modified_booth_algorithm_4bit|m_2s_complement_mod:TWOS_Compl_5bit|tog_stm
 15. Registers Removed During Synthesis
 16. Removed Registers Triggering Further Register Optimizations
 17. General Register Statistics
 18. Multiplexer Restructuring Statistics (Restructuring Performed)
 19. Parameter Settings for User Entity Instance: m_2s_complement_mod:TWOS_Compl_5bit
 20. Parameter Settings for User Entity Instance: m_2s_complement_mod:TWOS_Compl_6bit
 21. Parameter Settings for User Entity Instance: m_2s_complement_mod:TWOS_Compl_10bit
 22. Port Connectivity Checks: "m_2s_complement_mod:TWOS_Compl_10bit"
 23. Post-Synthesis Netlist Statistics for Top Partition
 24. Elapsed Time Per Partition
 25. Analysis & Synthesis Messages
 26. Analysis & Synthesis Suppressed Messages



----------------
; Legal Notice ;
----------------
Copyright (C) 2023  Intel Corporation. All rights reserved.
Your use of Intel Corporation's design tools, logic functions 
and other software and tools, and any partner logic 
functions, and any output files from any of the foregoing 
(including device programming or simulation files), and any 
associated documentation or information are expressly subject 
to the terms and conditions of the Intel Program License 
Subscription Agreement, the Intel Quartus Prime License Agreement,
the Intel FPGA IP License Agreement, or other applicable license
agreement, including, without limitation, that your use is for
the sole purpose of programming logic devices manufactured by
Intel and sold by Intel or its authorized distributors.  Please
refer to the applicable agreement for further details, at
https://fpgasoftware.intel.com/eula.



+--------------------------------------------------------------------------------------+
; Analysis & Synthesis Summary                                                         ;
+---------------------------------+----------------------------------------------------+
; Analysis & Synthesis Status     ; Successful - Sat May  4 19:42:51 2024              ;
; Quartus Prime Version           ; 22.1std.2 Build 922 07/20/2023 SC Standard Edition ;
; Revision Name                   ; modified_booth_algorithm_4bit                      ;
; Top-level Entity Name           ; modified_booth_algorithm_4bit                      ;
; Family                          ; Cyclone V                                          ;
; Logic utilization (in ALMs)     ; N/A                                                ;
; Total registers                 ; 140                                                ;
; Total pins                      ; 24                                                 ;
; Total virtual pins              ; 0                                                  ;
; Total block memory bits         ; 0                                                  ;
; Total DSP Blocks                ; 0                                                  ;
; Total HSSI RX PCSs              ; 0                                                  ;
; Total HSSI PMA RX Deserializers ; 0                                                  ;
; Total HSSI TX PCSs              ; 0                                                  ;
; Total HSSI PMA TX Serializers   ; 0                                                  ;
; Total PLLs                      ; 0                                                  ;
; Total DLLs                      ; 0                                                  ;
+---------------------------------+----------------------------------------------------+


+-------------------------------------------------------------------------------------------------------------------------------------------------+
; Analysis & Synthesis Settings                                                                                                                   ;
+---------------------------------------------------------------------------------+-------------------------------+-------------------------------+
; Option                                                                          ; Setting                       ; Default Value                 ;
+---------------------------------------------------------------------------------+-------------------------------+-------------------------------+
; Device                                                                          ; 5CGXFC9E7F35C8                ;                               ;
; Top-level entity name                                                           ; modified_booth_algorithm_4bit ; modified_booth_algorithm_4bit ;
; Family name                                                                     ; Cyclone V                     ; Cyclone V                     ;
; Use smart compilation                                                           ; Off                           ; Off                           ;
; Enable parallel Assembler and Timing Analyzer during compilation                ; On                            ; On                            ;
; Enable compact report table                                                     ; Off                           ; Off                           ;
; Restructure Multiplexers                                                        ; Auto                          ; Auto                          ;
; MLAB Add Timing Constraints For Mixed-Port Feed-Through Mode Setting Don't Care ; Off                           ; Off                           ;
; Create Debugging Nodes for IP Cores                                             ; Off                           ; Off                           ;
; Preserve fewer node names                                                       ; On                            ; On                            ;
; Intel FPGA IP Evaluation Mode                                                   ; Enable                        ; Enable                        ;
; Verilog Version                                                                 ; Verilog_2001                  ; Verilog_2001                  ;
; VHDL Version                                                                    ; VHDL_1993                     ; VHDL_1993                     ;
; State Machine Processing                                                        ; Auto                          ; Auto                          ;
; Safe State Machine                                                              ; Off                           ; Off                           ;
; Extract Verilog State Machines                                                  ; On                            ; On                            ;
; Extract VHDL State Machines                                                     ; On                            ; On                            ;
; Ignore Verilog initial constructs                                               ; Off                           ; Off                           ;
; Iteration limit for constant Verilog loops                                      ; 5000                          ; 5000                          ;
; Iteration limit for non-constant Verilog loops                                  ; 250                           ; 250                           ;
; Add Pass-Through Logic to Inferred RAMs                                         ; On                            ; On                            ;
; Infer RAMs from Raw Logic                                                       ; On                            ; On                            ;
; Parallel Synthesis                                                              ; On                            ; On                            ;
; DSP Block Balancing                                                             ; Auto                          ; Auto                          ;
; NOT Gate Push-Back                                                              ; On                            ; On                            ;
; Power-Up Don't Care                                                             ; On                            ; On                            ;
; Remove Redundant Logic Cells                                                    ; Off                           ; Off                           ;
; Remove Duplicate Registers                                                      ; On                            ; On                            ;
; Ignore CARRY Buffers                                                            ; Off                           ; Off                           ;
; Ignore CASCADE Buffers                                                          ; Off                           ; Off                           ;
; Ignore GLOBAL Buffers                                                           ; Off                           ; Off                           ;
; Ignore ROW GLOBAL Buffers                                                       ; Off                           ; Off                           ;
; Ignore LCELL Buffers                                                            ; Off                           ; Off                           ;
; Ignore SOFT Buffers                                                             ; On                            ; On                            ;
; Limit AHDL Integers to 32 Bits                                                  ; Off                           ; Off                           ;
; Optimization Technique                                                          ; Balanced                      ; Balanced                      ;
; Carry Chain Length                                                              ; 70                            ; 70                            ;
; Auto Carry Chains                                                               ; On                            ; On                            ;
; Auto Open-Drain Pins                                                            ; On                            ; On                            ;
; Perform WYSIWYG Primitive Resynthesis                                           ; Off                           ; Off                           ;
; Auto ROM Replacement                                                            ; On                            ; On                            ;
; Auto RAM Replacement                                                            ; On                            ; On                            ;
; Auto DSP Block Replacement                                                      ; On                            ; On                            ;
; Auto Shift Register Replacement                                                 ; Auto                          ; Auto                          ;
; Allow Shift Register Merging across Hierarchies                                 ; Auto                          ; Auto                          ;
; Auto Clock Enable Replacement                                                   ; On                            ; On                            ;
; Strict RAM Replacement                                                          ; Off                           ; Off                           ;
; Allow Synchronous Control Signals                                               ; On                            ; On                            ;
; Force Use of Synchronous Clear Signals                                          ; Off                           ; Off                           ;
; Auto Resource Sharing                                                           ; Off                           ; Off                           ;
; Allow Any RAM Size For Recognition                                              ; Off                           ; Off                           ;
; Allow Any ROM Size For Recognition                                              ; Off                           ; Off                           ;
; Allow Any Shift Register Size For Recognition                                   ; Off                           ; Off                           ;
; Use LogicLock Constraints during Resource Balancing                             ; On                            ; On                            ;
; Ignore translate_off and synthesis_off directives                               ; Off                           ; Off                           ;
; Timing-Driven Synthesis                                                         ; On                            ; On                            ;
; Report Parameter Settings                                                       ; On                            ; On                            ;
; Report Source Assignments                                                       ; On                            ; On                            ;
; Report Connectivity Checks                                                      ; On                            ; On                            ;
; Ignore Maximum Fan-Out Assignments                                              ; Off                           ; Off                           ;
; Synchronization Register Chain Length                                           ; 3                             ; 3                             ;
; Power Optimization During Synthesis                                             ; Normal compilation            ; Normal compilation            ;
; HDL message level                                                               ; Level2                        ; Level2                        ;
; Suppress Register Optimization Related Messages                                 ; Off                           ; Off                           ;
; Number of Removed Registers Reported in Synthesis Report                        ; 5000                          ; 5000                          ;
; Number of Swept Nodes Reported in Synthesis Report                              ; 5000                          ; 5000                          ;
; Number of Inverted Registers Reported in Synthesis Report                       ; 100                           ; 100                           ;
; Clock MUX Protection                                                            ; On                            ; On                            ;
; Auto Gated Clock Conversion                                                     ; Off                           ; Off                           ;
; Block Design Naming                                                             ; Auto                          ; Auto                          ;
; SDC constraint protection                                                       ; Off                           ; Off                           ;
; Synthesis Effort                                                                ; Auto                          ; Auto                          ;
; Shift Register Replacement - Allow Asynchronous Clear Signal                    ; On                            ; On                            ;
; Pre-Mapping Resynthesis Optimization                                            ; Off                           ; Off                           ;
; Analysis & Synthesis Message Level                                              ; Medium                        ; Medium                        ;
; Disable Register Merging Across Hierarchies                                     ; Auto                          ; Auto                          ;
; Resource Aware Inference For Block RAM                                          ; On                            ; On                            ;
; Automatic Parallel Synthesis                                                    ; On                            ; On                            ;
; Partial Reconfiguration Bitstream ID                                            ; Off                           ; Off                           ;
+---------------------------------------------------------------------------------+-------------------------------+-------------------------------+


+------------------------------------------+
; Parallel Compilation                     ;
+----------------------------+-------------+
; Processors                 ; Number      ;
+----------------------------+-------------+
; Number detected on machine ; 8           ;
; Maximum allowed            ; 4           ;
;                            ;             ;
; Average used               ; 1.00        ;
; Maximum used               ; 4           ;
;                            ;             ;
; Usage by Processor         ; % Time Used ;
;     Processor 1            ; 100.0%      ;
;     Processors 2-4         ;   0.0%      ;
+----------------------------+-------------+


+----------------------------------------------------------------------------------------------------------------------------------------------------------------+
; Analysis & Synthesis Source Files Read                                                                                                                         ;
+--------------------------------------+-----------------+------------------------+--------------------------------------------------------------------+---------+
; File Name with User-Entered Path     ; Used in Netlist ; File Type              ; File Name with Absolute Path                                       ; Library ;
+--------------------------------------+-----------------+------------------------+--------------------------------------------------------------------+---------+
; code/modified_booth_algorithm_4bit.v ; yes             ; User Verilog HDL File  ; D:/WORK/intel/BOOTH ALGORITHM/code/modified_booth_algorithm_4bit.v ;         ;
; code/2s_complement_mod.v             ; yes             ; User Verilog HDL File  ; D:/WORK/intel/BOOTH ALGORITHM/code/2s_complement_mod.v             ;         ;
+--------------------------------------+-----------------+------------------------+--------------------------------------------------------------------+---------+


+-----------------------------------------------------------+
; Analysis & Synthesis Resource Usage Summary               ;
+---------------------------------------------+-------------+
; Resource                                    ; Usage       ;
+---------------------------------------------+-------------+
; Estimate of Logic utilization (ALMs needed) ; 91          ;
;                                             ;             ;
; Combinational ALUT usage for logic          ; 146         ;
;     -- 7 input functions                    ; 7           ;
;     -- 6 input functions                    ; 22          ;
;     -- 5 input functions                    ; 31          ;
;     -- 4 input functions                    ; 23          ;
;     -- <=3 input functions                  ; 63          ;
;                                             ;             ;
; Dedicated logic registers                   ; 140         ;
;                                             ;             ;
; I/O pins                                    ; 24          ;
;                                             ;             ;
; Total DSP Blocks                            ; 0           ;
;                                             ;             ;
; Maximum fan-out node                        ; clock~input ;
; Maximum fan-out                             ; 140         ;
; Total fan-out                               ; 1115        ;
; Average fan-out                             ; 3.34        ;
+---------------------------------------------+-------------+


+-------------------------------------------------------------------------------------------------------------------------------------------------------------------------------------------------------------------------------------------------------------------------+
; Analysis & Synthesis Resource Utilization by Entity                                                                                                                                                                                                                     ;
+-------------------------------------------+---------------------+---------------------------+-------------------+------------+------+--------------+---------------------------------------------------------------------+-------------------------------+--------------+
; Compilation Hierarchy Node                ; Combinational ALUTs ; Dedicated Logic Registers ; Block Memory Bits ; DSP Blocks ; Pins ; Virtual Pins ; Full Hierarchy Name                                                 ; Entity Name                   ; Library Name ;
+-------------------------------------------+---------------------+---------------------------+-------------------+------------+------+--------------+---------------------------------------------------------------------+-------------------------------+--------------+
; |modified_booth_algorithm_4bit            ; 146 (133)           ; 140 (123)                 ; 0                 ; 0          ; 24   ; 0            ; |modified_booth_algorithm_4bit                                      ; modified_booth_algorithm_4bit ; work         ;
;    |m_2s_complement_mod:TWOS_Compl_10bit| ; 3 (3)               ; 6 (6)                     ; 0                 ; 0          ; 0    ; 0            ; |modified_booth_algorithm_4bit|m_2s_complement_mod:TWOS_Compl_10bit ; m_2s_complement_mod           ; work         ;
;    |m_2s_complement_mod:TWOS_Compl_5bit|  ; 10 (10)             ; 11 (11)                   ; 0                 ; 0          ; 0    ; 0            ; |modified_booth_algorithm_4bit|m_2s_complement_mod:TWOS_Compl_5bit  ; m_2s_complement_mod           ; work         ;
+-------------------------------------------+---------------------+---------------------------+-------------------+------------+------+--------------+---------------------------------------------------------------------+-------------------------------+--------------+
Note: For table entries with two numbers listed, the numbers in parentheses indicate the number of resources of the given type used by the specific entity alone. The numbers listed outside of parentheses indicate the total resources of the given type used by the specific entity and all of its sub-entities in the hierarchy.


Encoding Type:  One-Hot
+-----------------------------------------------------------------------------------------------------------------------------------------------------------------------------------------------+
; State Machine - |modified_booth_algorithm_4bit|main_stm_nxt_2s                                                                                                                                ;
+-----------------------------+---------------------------+---------------------+-----------------------------+-----------------------+-----------------------------+---------------------------+
; Name                        ; main_stm_nxt_2s.RECODE_N1 ; main_stm_nxt_2s.LUT ; main_stm_nxt_2s.CHECK_DATA2 ; main_stm_nxt_2s.00000 ; main_stm_nxt_2s.END_FOR_NEG ; main_stm_nxt_2s.RECODE_N2 ;
+-----------------------------+---------------------------+---------------------+-----------------------------+-----------------------+-----------------------------+---------------------------+
; main_stm_nxt_2s.00000       ; 0                         ; 0                   ; 0                           ; 0                     ; 0                           ; 0                         ;
; main_stm_nxt_2s.CHECK_DATA2 ; 0                         ; 0                   ; 1                           ; 1                     ; 0                           ; 0                         ;
; main_stm_nxt_2s.LUT         ; 0                         ; 1                   ; 0                           ; 1                     ; 0                           ; 0                         ;
; main_stm_nxt_2s.RECODE_N1   ; 1                         ; 0                   ; 0                           ; 1                     ; 0                           ; 0                         ;
; main_stm_nxt_2s.RECODE_N2   ; 0                         ; 0                   ; 0                           ; 1                     ; 0                           ; 1                         ;
; main_stm_nxt_2s.END_FOR_NEG ; 0                         ; 0                   ; 0                           ; 1                     ; 1                           ; 0                         ;
+-----------------------------+---------------------------+---------------------+-----------------------------+-----------------------+-----------------------------+---------------------------+


Encoding Type:  One-Hot
+--------------------------------------------------------------------------------------------------------------------------------------+
; State Machine - |modified_booth_algorithm_4bit|main_stm_nxt_2                                                                        ;
+----------------------------+--------------------------+----------------------+----------------------------+--------------------------+
; Name                       ; main_stm_nxt_2.RECODE_N1 ; main_stm_nxt_2.00000 ; main_stm_nxt_2.END_FOR_NEG ; main_stm_nxt_2.RECODE_N2 ;
+----------------------------+--------------------------+----------------------+----------------------------+--------------------------+
; main_stm_nxt_2.00000       ; 0                        ; 0                    ; 0                          ; 0                        ;
; main_stm_nxt_2.RECODE_N1   ; 1                        ; 1                    ; 0                          ; 0                        ;
; main_stm_nxt_2.RECODE_N2   ; 0                        ; 1                    ; 0                          ; 1                        ;
; main_stm_nxt_2.END_FOR_NEG ; 0                        ; 1                    ; 1                          ; 0                        ;
+----------------------------+--------------------------+----------------------+----------------------------+--------------------------+


Encoding Type:  One-Hot
+---------------------------------------------------------------------------------------+
; State Machine - |modified_booth_algorithm_4bit|main_stm_nxt                           ;
+----------------------+--------------------+--------------------+----------------------+
; Name                 ; main_stm_nxt.00000 ; main_stm_nxt.ADDER ; main_stm_nxt.REC_SEL ;
+----------------------+--------------------+--------------------+----------------------+
; main_stm_nxt.00000   ; 0                  ; 0                  ; 0                    ;
; main_stm_nxt.REC_SEL ; 1                  ; 0                  ; 1                    ;
; main_stm_nxt.ADDER   ; 1                  ; 1                  ; 0                    ;
+----------------------+--------------------+--------------------+----------------------+


Encoding Type:  One-Hot
+-------------------------------------------------------------------------------------------------------------------------------------------------------------------------------------------------------------------------------------------------------------------------------------------------------------------------------------------------------------------------------------------------------------------+
; State Machine - |modified_booth_algorithm_4bit|main_stm                                                                                                                                                                                                                                                                                                                                                           ;
+----------------------+----------------------+------------------+----------------+-------------------+------------------+--------------------+----------------------+--------------------+--------------------+----------------------+--------------------+-------------------+--------------+----------------+-----------------+--------------------+----------------------+----------------------+---------------+
; Name                 ; main_stm.END_FOR_NEG ; main_stm.CHK_SGN ; main_stm.ADDER ; main_stm.REC_OPTS ; main_stm.REC_SEL ; main_stm.RECODE_N2 ; main_stm.RECODE_N2_1 ; main_stm.RECODE_P2 ; main_stm.RECODE_N1 ; main_stm.RECODE_N1_1 ; main_stm.RECODE_P1 ; main_stm.RECODE_0 ; main_stm.LUT ; main_stm.ST_CH ; main_stm.TWOS_C ; main_stm.NO_TWOS_C ; main_stm.CHECK_DATA2 ; main_stm.CHECK_DATA1 ; main_stm.WAIT ;
+----------------------+----------------------+------------------+----------------+-------------------+------------------+--------------------+----------------------+--------------------+--------------------+----------------------+--------------------+-------------------+--------------+----------------+-----------------+--------------------+----------------------+----------------------+---------------+
; main_stm.WAIT        ; 0                    ; 0                ; 0              ; 0                 ; 0                ; 0                  ; 0                    ; 0                  ; 0                  ; 0                    ; 0                  ; 0                 ; 0            ; 0              ; 0               ; 0                  ; 0                    ; 0                    ; 0             ;
; main_stm.CHECK_DATA1 ; 0                    ; 0                ; 0              ; 0                 ; 0                ; 0                  ; 0                    ; 0                  ; 0                  ; 0                    ; 0                  ; 0                 ; 0            ; 0              ; 0               ; 0                  ; 0                    ; 1                    ; 1             ;
; main_stm.CHECK_DATA2 ; 0                    ; 0                ; 0              ; 0                 ; 0                ; 0                  ; 0                    ; 0                  ; 0                  ; 0                    ; 0                  ; 0                 ; 0            ; 0              ; 0               ; 0                  ; 1                    ; 0                    ; 1             ;
; main_stm.NO_TWOS_C   ; 0                    ; 0                ; 0              ; 0                 ; 0                ; 0                  ; 0                    ; 0                  ; 0                  ; 0                    ; 0                  ; 0                 ; 0            ; 0              ; 0               ; 1                  ; 0                    ; 0                    ; 1             ;
; main_stm.TWOS_C      ; 0                    ; 0                ; 0              ; 0                 ; 0                ; 0                  ; 0                    ; 0                  ; 0                  ; 0                    ; 0                  ; 0                 ; 0            ; 0              ; 1               ; 0                  ; 0                    ; 0                    ; 1             ;
; main_stm.ST_CH       ; 0                    ; 0                ; 0              ; 0                 ; 0                ; 0                  ; 0                    ; 0                  ; 0                  ; 0                    ; 0                  ; 0                 ; 0            ; 1              ; 0               ; 0                  ; 0                    ; 0                    ; 1             ;
; main_stm.LUT         ; 0                    ; 0                ; 0              ; 0                 ; 0                ; 0                  ; 0                    ; 0                  ; 0                  ; 0                    ; 0                  ; 0                 ; 1            ; 0              ; 0               ; 0                  ; 0                    ; 0                    ; 1             ;
; main_stm.RECODE_0    ; 0                    ; 0                ; 0              ; 0                 ; 0                ; 0                  ; 0                    ; 0                  ; 0                  ; 0                    ; 0                  ; 1                 ; 0            ; 0              ; 0               ; 0                  ; 0                    ; 0                    ; 1             ;
; main_stm.RECODE_P1   ; 0                    ; 0                ; 0              ; 0                 ; 0                ; 0                  ; 0                    ; 0                  ; 0                  ; 0                    ; 1                  ; 0                 ; 0            ; 0              ; 0               ; 0                  ; 0                    ; 0                    ; 1             ;
; main_stm.RECODE_N1_1 ; 0                    ; 0                ; 0              ; 0                 ; 0                ; 0                  ; 0                    ; 0                  ; 0                  ; 1                    ; 0                  ; 0                 ; 0            ; 0              ; 0               ; 0                  ; 0                    ; 0                    ; 1             ;
; main_stm.RECODE_N1   ; 0                    ; 0                ; 0              ; 0                 ; 0                ; 0                  ; 0                    ; 0                  ; 1                  ; 0                    ; 0                  ; 0                 ; 0            ; 0              ; 0               ; 0                  ; 0                    ; 0                    ; 1             ;
; main_stm.RECODE_P2   ; 0                    ; 0                ; 0              ; 0                 ; 0                ; 0                  ; 0                    ; 1                  ; 0                  ; 0                    ; 0                  ; 0                 ; 0            ; 0              ; 0               ; 0                  ; 0                    ; 0                    ; 1             ;
; main_stm.RECODE_N2_1 ; 0                    ; 0                ; 0              ; 0                 ; 0                ; 0                  ; 1                    ; 0                  ; 0                  ; 0                    ; 0                  ; 0                 ; 0            ; 0              ; 0               ; 0                  ; 0                    ; 0                    ; 1             ;
; main_stm.RECODE_N2   ; 0                    ; 0                ; 0              ; 0                 ; 0                ; 1                  ; 0                    ; 0                  ; 0                  ; 0                    ; 0                  ; 0                 ; 0            ; 0              ; 0               ; 0                  ; 0                    ; 0                    ; 1             ;
; main_stm.REC_SEL     ; 0                    ; 0                ; 0              ; 0                 ; 1                ; 0                  ; 0                    ; 0                  ; 0                  ; 0                    ; 0                  ; 0                 ; 0            ; 0              ; 0               ; 0                  ; 0                    ; 0                    ; 1             ;
; main_stm.REC_OPTS    ; 0                    ; 0                ; 0              ; 1                 ; 0                ; 0                  ; 0                    ; 0                  ; 0                  ; 0                    ; 0                  ; 0                 ; 0            ; 0              ; 0               ; 0                  ; 0                    ; 0                    ; 1             ;
; main_stm.ADDER       ; 0                    ; 0                ; 1              ; 0                 ; 0                ; 0                  ; 0                    ; 0                  ; 0                  ; 0                    ; 0                  ; 0                 ; 0            ; 0              ; 0               ; 0                  ; 0                    ; 0                    ; 1             ;
; main_stm.CHK_SGN     ; 0                    ; 1                ; 0              ; 0                 ; 0                ; 0                  ; 0                    ; 0                  ; 0                  ; 0                    ; 0                  ; 0                 ; 0            ; 0              ; 0               ; 0                  ; 0                    ; 0                    ; 1             ;
; main_stm.END_FOR_NEG ; 1                    ; 0                ; 0              ; 0                 ; 0                ; 0                  ; 0                    ; 0                  ; 0                  ; 0                    ; 0                  ; 0                 ; 0            ; 0              ; 0               ; 0                  ; 0                    ; 0                    ; 1             ;
+----------------------+----------------------+------------------+----------------+-------------------+------------------+--------------------+----------------------+--------------------+--------------------+----------------------+--------------------+-------------------+--------------+----------------+-----------------+--------------------+----------------------+----------------------+---------------+


Encoding Type:  One-Hot
+---------------------------------------------------------------------------------------------+
; State Machine - |modified_booth_algorithm_4bit|m_2s_complement_mod:TWOS_Compl_10bit|tog_stm ;
+---------------+-------------+---------------+--------------+--------------------------------+
; Name          ; tog_stm.FIN ; tog_stm.TOGG2 ; tog_stm.TOGG ; tog_stm.WAIT                   ;
+---------------+-------------+---------------+--------------+--------------------------------+
; tog_stm.WAIT  ; 0           ; 0             ; 0            ; 0                              ;
; tog_stm.TOGG  ; 0           ; 0             ; 1            ; 1                              ;
; tog_stm.TOGG2 ; 0           ; 1             ; 0            ; 1                              ;
; tog_stm.FIN   ; 1           ; 0             ; 0            ; 1                              ;
+---------------+-------------+---------------+--------------+--------------------------------+


Encoding Type:  One-Hot
+--------------------------------------------------------------------------------------------+
; State Machine - |modified_booth_algorithm_4bit|m_2s_complement_mod:TWOS_Compl_6bit|tog_stm ;
+---------------+-------------+---------------+--------------+-------------------------------+
; Name          ; tog_stm.FIN ; tog_stm.TOGG2 ; tog_stm.TOGG ; tog_stm.WAIT                  ;
+---------------+-------------+---------------+--------------+-------------------------------+
; tog_stm.WAIT  ; 0           ; 0             ; 0            ; 0                             ;
; tog_stm.TOGG  ; 0           ; 0             ; 1            ; 1                             ;
; tog_stm.TOGG2 ; 0           ; 1             ; 0            ; 1                             ;
; tog_stm.FIN   ; 1           ; 0             ; 0            ; 1                             ;
+---------------+-------------+---------------+--------------+-------------------------------+


Encoding Type:  One-Hot
+--------------------------------------------------------------------------------------------+
; State Machine - |modified_booth_algorithm_4bit|m_2s_complement_mod:TWOS_Compl_5bit|tog_stm ;
+---------------+-------------+---------------+--------------+-------------------------------+
; Name          ; tog_stm.FIN ; tog_stm.TOGG2 ; tog_stm.TOGG ; tog_stm.WAIT                  ;
+---------------+-------------+---------------+--------------+-------------------------------+
; tog_stm.WAIT  ; 0           ; 0             ; 0            ; 0                             ;
; tog_stm.TOGG  ; 0           ; 0             ; 1            ; 1                             ;
; tog_stm.TOGG2 ; 0           ; 1             ; 0            ; 1                             ;
; tog_stm.FIN   ; 1           ; 0             ; 0            ; 1                             ;
+---------------+-------------+---------------+--------------+-------------------------------+


+-------------------------------------------------------------------------------------------------------+
; Registers Removed During Synthesis                                                                    ;
+---------------------------------------------------------+---------------------------------------------+
; Register name                                           ; Reason for Removal                          ;
+---------------------------------------------------------+---------------------------------------------+
; val_6b_layer[0]                                         ; Stuck at GND due to stuck port data_in      ;
; A[4]                                                    ; Stuck at GND due to stuck port data_in      ;
; B[4]                                                    ; Stuck at GND due to stuck port data_in      ;
; val_10b_layer_out[6..9]                                 ; Stuck at GND due to stuck port data_in      ;
; in_tog_6[0]                                             ; Stuck at GND due to stuck port data_in      ;
; layer2[8,9]                                             ; Merged with layer2[7]                       ;
; layer2[1]                                               ; Merged with layer2[0]                       ;
; layer1[6..9]                                            ; Merged with layer1[5]                       ;
; layer3[1..3]                                            ; Merged with layer3[0]                       ;
; Modified_data[6]                                        ; Merged with Modified_data[5]                ;
; layer2[0]                                               ; Stuck at GND due to stuck port data_in      ;
; layer3[0]                                               ; Stuck at GND due to stuck port data_in      ;
; Modified_data[0]                                        ; Stuck at GND due to stuck port data_in      ;
; main_stm_nxt_2s~15                                      ; Lost fanout                                 ;
; main_stm_nxt_2s~16                                      ; Lost fanout                                 ;
; main_stm_nxt_2s~17                                      ; Lost fanout                                 ;
; main_stm_nxt_2~5                                        ; Lost fanout                                 ;
; main_stm_nxt_2~6                                        ; Lost fanout                                 ;
; main_stm_nxt_2~7                                        ; Lost fanout                                 ;
; main_stm_nxt~7                                          ; Lost fanout                                 ;
; main_stm_nxt~9                                          ; Lost fanout                                 ;
; main_stm_nxt~10                                         ; Lost fanout                                 ;
; main_stm~23                                             ; Lost fanout                                 ;
; main_stm~24                                             ; Lost fanout                                 ;
; main_stm~25                                             ; Lost fanout                                 ;
; main_stm~26                                             ; Lost fanout                                 ;
; main_stm~27                                             ; Lost fanout                                 ;
; m_2s_complement_mod:TWOS_Compl_10bit|tog_stm~6          ; Lost fanout                                 ;
; m_2s_complement_mod:TWOS_Compl_10bit|tog_stm~7          ; Lost fanout                                 ;
; m_2s_complement_mod:TWOS_Compl_10bit|tog_stm~8          ; Lost fanout                                 ;
; m_2s_complement_mod:TWOS_Compl_6bit|tog_stm~6           ; Lost fanout                                 ;
; m_2s_complement_mod:TWOS_Compl_6bit|tog_stm~7           ; Lost fanout                                 ;
; m_2s_complement_mod:TWOS_Compl_6bit|tog_stm~8           ; Lost fanout                                 ;
; m_2s_complement_mod:TWOS_Compl_5bit|tog_stm~6           ; Lost fanout                                 ;
; m_2s_complement_mod:TWOS_Compl_5bit|tog_stm~7           ; Lost fanout                                 ;
; m_2s_complement_mod:TWOS_Compl_5bit|tog_stm~8           ; Lost fanout                                 ;
; main_stm.RECODE_N2_1                                    ; Stuck at GND due to stuck port data_in      ;
; val_6b_layer[1..5]                                      ; Stuck at GND due to stuck port clock_enable ;
; in_tog_6[1..5]                                          ; Stuck at GND due to stuck port data_in      ;
; recode_store[2]                                         ; Merged with recode_store[1]                 ;
; recode_store[8]                                         ; Merged with recode_store[7]                 ;
; main_stm_nxt_2.RECODE_N2                                ; Stuck at GND due to stuck port data_in      ;
; main_stm_nxt_2s.RECODE_N2                               ; Stuck at GND due to stuck port data_in      ;
; r_2sc_6_flg                                             ; Stuck at GND due to stuck port data_in      ;
; in_tog_valid_6                                          ; Stuck at GND due to stuck port data_in      ;
; m_2s_complement_mod:TWOS_Compl_6bit|tog_stm.TOGG        ; Stuck at GND due to stuck port data_in      ;
; m_2s_complement_mod:TWOS_Compl_6bit|tog_stm.TOGG2       ; Stuck at GND due to stuck port data_in      ;
; m_2s_complement_mod:TWOS_Compl_6bit|tog_stm.FIN         ; Stuck at GND due to stuck port data_in      ;
; m_2s_complement_mod:TWOS_Compl_6bit|out_tog_valid_pulse ; Stuck at GND due to stuck port data_in      ;
; val_6b_layer_out[0..5]                                  ; Stuck at GND due to stuck port clock_enable ;
; m_2s_complement_mod:TWOS_Compl_6bit|mod_busy            ; Stuck at GND due to stuck port data_in      ;
; m_2s_complement_mod:TWOS_Compl_6bit|tog_stm.WAIT        ; Stuck at GND due to stuck port data_in      ;
; m_2s_complement_mod:TWOS_Compl_6bit|out_tog[1..5]       ; Stuck at GND due to stuck port clock_enable ;
; val_10b_layer_out[1..5]                                 ; Stuck at GND due to stuck port data_in      ;
; m_2s_complement_mod:TWOS_Compl_6bit|out_tog[0]          ; Stuck at GND due to stuck port data_in      ;
; val_10b_layer_out[0]                                    ; Stuck at GND due to stuck port data_in      ;
; Total Number of Removed Registers = 86                  ;                                             ;
+---------------------------------------------------------+---------------------------------------------+


+----------------------------------------------------------------------------------------------------------------------------------------------------------------------------+
; Removed Registers Triggering Further Register Optimizations                                                                                                                ;
+---------------------------------------------------+---------------------------+--------------------------------------------------------------------------------------------+
; Register name                                     ; Reason for Removal        ; Registers Removed due to This Register                                                     ;
+---------------------------------------------------+---------------------------+--------------------------------------------------------------------------------------------+
; main_stm.RECODE_N2_1                              ; Stuck at GND              ; val_6b_layer[1], val_6b_layer[2], val_6b_layer[3], val_6b_layer[4], val_6b_layer[5],       ;
;                                                   ; due to stuck port data_in ; in_tog_6[1], in_tog_6[2], in_tog_6[3], in_tog_6[4], in_tog_6[5], main_stm_nxt_2.RECODE_N2, ;
;                                                   ;                           ; main_stm_nxt_2s.RECODE_N2, r_2sc_6_flg, in_tog_valid_6,                                    ;
;                                                   ;                           ; m_2s_complement_mod:TWOS_Compl_6bit|mod_busy,                                              ;
;                                                   ;                           ; m_2s_complement_mod:TWOS_Compl_6bit|tog_stm.WAIT,                                          ;
;                                                   ;                           ; m_2s_complement_mod:TWOS_Compl_6bit|out_tog[1],                                            ;
;                                                   ;                           ; m_2s_complement_mod:TWOS_Compl_6bit|out_tog[2],                                            ;
;                                                   ;                           ; m_2s_complement_mod:TWOS_Compl_6bit|out_tog[3],                                            ;
;                                                   ;                           ; m_2s_complement_mod:TWOS_Compl_6bit|out_tog[4],                                            ;
;                                                   ;                           ; m_2s_complement_mod:TWOS_Compl_6bit|out_tog[5]                                             ;
; m_2s_complement_mod:TWOS_Compl_6bit|tog_stm.TOGG2 ; Stuck at GND              ; m_2s_complement_mod:TWOS_Compl_6bit|tog_stm.FIN,                                           ;
;                                                   ; due to stuck port data_in ; m_2s_complement_mod:TWOS_Compl_6bit|out_tog_valid_pulse, val_6b_layer_out[0],              ;
;                                                   ;                           ; val_6b_layer_out[1], val_6b_layer_out[2], val_6b_layer_out[3], val_6b_layer_out[4],        ;
;                                                   ;                           ; val_6b_layer_out[5], val_10b_layer_out[1], val_10b_layer_out[2], val_10b_layer_out[3],     ;
;                                                   ;                           ; val_10b_layer_out[4], val_10b_layer_out[5], val_10b_layer_out[0]                           ;
; val_6b_layer[0]                                   ; Stuck at GND              ; in_tog_6[0], m_2s_complement_mod:TWOS_Compl_6bit|out_tog[0]                                ;
;                                                   ; due to stuck port data_in ;                                                                                            ;
+---------------------------------------------------+---------------------------+--------------------------------------------------------------------------------------------+


+------------------------------------------------------+
; General Register Statistics                          ;
+----------------------------------------------+-------+
; Statistic                                    ; Value ;
+----------------------------------------------+-------+
; Total registers                              ; 140   ;
; Number of registers using Synchronous Clear  ; 5     ;
; Number of registers using Synchronous Load   ; 0     ;
; Number of registers using Asynchronous Clear ; 115   ;
; Number of registers using Asynchronous Load  ; 0     ;
; Number of registers using Clock Enable       ; 88    ;
; Number of registers using Preset             ; 0     ;
+----------------------------------------------+-------+


+---------------------------------------------------------------------------------------------------------------------------------------------------------------------------------------------+
; Multiplexer Restructuring Statistics (Restructuring Performed)                                                                                                                              ;
+--------------------+-----------+---------------+----------------------+------------------------+------------+-------------------------------------------------------------------------------+
; Multiplexer Inputs ; Bus Width ; Baseline Area ; Area if Restructured ; Saving if Restructured ; Registered ; Example Multiplexer Output                                                    ;
+--------------------+-----------+---------------+----------------------+------------------------+------------+-------------------------------------------------------------------------------+
; 4:1                ; 3 bits    ; 6 LEs         ; 6 LEs                ; 0 LEs                  ; Yes        ; |modified_booth_algorithm_4bit|recode_val[2]                                  ;
; 3:1                ; 2 bits    ; 4 LEs         ; 2 LEs                ; 2 LEs                  ; Yes        ; |modified_booth_algorithm_4bit|recode_count[0]                                ;
; 3:1                ; 5 bits    ; 10 LEs        ; 5 LEs                ; 5 LEs                  ; Yes        ; |modified_booth_algorithm_4bit|m_2s_complement_mod:TWOS_Compl_6bit|out_tog[5] ;
; 3:1                ; 5 bits    ; 10 LEs        ; 5 LEs                ; 5 LEs                  ; Yes        ; |modified_booth_algorithm_4bit|m_2s_complement_mod:TWOS_Compl_5bit|out_tog[3] ;
; 4:1                ; 4 bits    ; 8 LEs         ; 8 LEs                ; 0 LEs                  ; Yes        ; |modified_booth_algorithm_4bit|in_tog_5[2]                                    ;
; 4:1                ; 6 bits    ; 12 LEs        ; 6 LEs                ; 6 LEs                  ; Yes        ; |modified_booth_algorithm_4bit|w_Output[0]~reg0                               ;
; 5:1                ; 4 bits    ; 12 LEs        ; 4 LEs                ; 8 LEs                  ; Yes        ; |modified_booth_algorithm_4bit|Modified_data[1]                               ;
; 5:1                ; 4 bits    ; 12 LEs        ; 4 LEs                ; 8 LEs                  ; Yes        ; |modified_booth_algorithm_4bit|A_TWOS_Complement[0]                           ;
; 11:1               ; 4 bits    ; 28 LEs        ; 12 LEs               ; 16 LEs                 ; Yes        ; |modified_booth_algorithm_4bit|layer1[2]                                      ;
; 11:1               ; 4 bits    ; 28 LEs        ; 12 LEs               ; 16 LEs                 ; Yes        ; |modified_booth_algorithm_4bit|layer2[4]                                      ;
; 11:1               ; 4 bits    ; 28 LEs        ; 12 LEs               ; 16 LEs                 ; Yes        ; |modified_booth_algorithm_4bit|layer3[8]                                      ;
; 5:1                ; 2 bits    ; 6 LEs         ; 4 LEs                ; 2 LEs                  ; No         ; |modified_booth_algorithm_4bit|main_stm_nxt                                   ;
; 5:1                ; 4 bits    ; 12 LEs        ; 8 LEs                ; 4 LEs                  ; No         ; |modified_booth_algorithm_4bit|main_stm_nxt_2s                                ;
; 5:1                ; 2 bits    ; 6 LEs         ; 4 LEs                ; 2 LEs                  ; No         ; |modified_booth_algorithm_4bit|Selector71                                     ;
; 7:1                ; 2 bits    ; 8 LEs         ; 8 LEs                ; 0 LEs                  ; No         ; |modified_booth_algorithm_4bit|main_stm_nxt_2s                                ;
; 16:1               ; 3 bits    ; 30 LEs        ; 18 LEs               ; 12 LEs                 ; No         ; |modified_booth_algorithm_4bit|Selector13                                     ;
; 17:1               ; 2 bits    ; 22 LEs        ; 12 LEs               ; 10 LEs                 ; No         ; |modified_booth_algorithm_4bit|Selector2                                      ;
; 18:1               ; 8 bits    ; 96 LEs        ; 64 LEs               ; 32 LEs                 ; No         ; |modified_booth_algorithm_4bit|Selector1                                      ;
+--------------------+-----------+---------------+----------------------+------------------------+------------+-------------------------------------------------------------------------------+


+----------------------------------------------------------------------------------+
; Parameter Settings for User Entity Instance: m_2s_complement_mod:TWOS_Compl_5bit ;
+----------------+-------+---------------------------------------------------------+
; Parameter Name ; Value ; Type                                                    ;
+----------------+-------+---------------------------------------------------------+
; BITLEN         ; 0101  ; Unsigned Binary                                         ;
+----------------+-------+---------------------------------------------------------+
Note: In order to hide this table in the UI and the text report file, please set the "Show Parameter Settings in Synthesis Report" option in "Analysis and Synthesis Settings -> More Settings" to "Off".


+----------------------------------------------------------------------------------+
; Parameter Settings for User Entity Instance: m_2s_complement_mod:TWOS_Compl_6bit ;
+----------------+-------+---------------------------------------------------------+
; Parameter Name ; Value ; Type                                                    ;
+----------------+-------+---------------------------------------------------------+
; BITLEN         ; 0110  ; Unsigned Binary                                         ;
+----------------+-------+---------------------------------------------------------+
Note: In order to hide this table in the UI and the text report file, please set the "Show Parameter Settings in Synthesis Report" option in "Analysis and Synthesis Settings -> More Settings" to "Off".


+-----------------------------------------------------------------------------------+
; Parameter Settings for User Entity Instance: m_2s_complement_mod:TWOS_Compl_10bit ;
+----------------+-------+----------------------------------------------------------+
; Parameter Name ; Value ; Type                                                     ;
+----------------+-------+----------------------------------------------------------+
; BITLEN         ; 1010  ; Unsigned Binary                                          ;
+----------------+-------+----------------------------------------------------------+
Note: In order to hide this table in the UI and the text report file, please set the "Show Parameter Settings in Synthesis Report" option in "Analysis and Synthesis Settings -> More Settings" to "Off".


+-------------------------------------------------------------------------------------------------------------------+
; Port Connectivity Checks: "m_2s_complement_mod:TWOS_Compl_10bit"                                                  ;
+---------+--------+----------+-------------------------------------------------------------------------------------+
; Port    ; Type   ; Severity ; Details                                                                             ;
+---------+--------+----------+-------------------------------------------------------------------------------------+
; out_tog ; Output ; Info     ; Connected to dangling logic. Logic that only feeds a dangling port will be removed. ;
+---------+--------+----------+-------------------------------------------------------------------------------------+


+-----------------------------------------------------+
; Post-Synthesis Netlist Statistics for Top Partition ;
+-----------------------+-----------------------------+
; Type                  ; Count                       ;
+-----------------------+-----------------------------+
; arriav_ff             ; 140                         ;
;     CLR               ; 38                          ;
;     CLR SCLR          ; 1                           ;
;     ENA               ; 12                          ;
;     ENA CLR           ; 72                          ;
;     ENA CLR SCLR      ; 4                           ;
;     plain             ; 13                          ;
; arriav_lcell_comb     ; 146                         ;
;     extend            ; 7                           ;
;         7 data inputs ; 7                           ;
;     normal            ; 130                         ;
;         1 data inputs ; 1                           ;
;         2 data inputs ; 25                          ;
;         3 data inputs ; 28                          ;
;         4 data inputs ; 23                          ;
;         5 data inputs ; 31                          ;
;         6 data inputs ; 22                          ;
;     shared            ; 9                           ;
;         0 data inputs ; 1                           ;
;         2 data inputs ; 2                           ;
;         3 data inputs ; 6                           ;
; boundary_port         ; 24                          ;
;                       ;                             ;
; Max LUT depth         ; 4.00                        ;
; Average LUT depth     ; 1.56                        ;
+-----------------------+-----------------------------+


+-------------------------------+
; Elapsed Time Per Partition    ;
+----------------+--------------+
; Partition Name ; Elapsed Time ;
+----------------+--------------+
; Top            ; 00:00:01     ;
+----------------+--------------+


+-------------------------------+
; Analysis & Synthesis Messages ;
+-------------------------------+
Info: *******************************************************************
Info: Running Quartus Prime Analysis & Synthesis
    Info: Version 22.1std.2 Build 922 07/20/2023 SC Standard Edition
    Info: Processing started: Sat May  4 19:42:37 2024
Info: Command: quartus_map --read_settings_files=on --write_settings_files=off modified_booth_algorithm_4bit -c modified_booth_algorithm_4bit
Warning (18236): Number of processors has not been specified which may cause overloading on shared machines.  Set the global assignment NUM_PARALLEL_PROCESSORS in your QSF to an appropriate value for best performance.
Info (20030): Parallel compilation is enabled and will use 4 of the 4 processors detected
Info (12021): Found 1 design units, including 1 entities, in source file code/modified_booth_algorithm_4bit.v
    Info (12023): Found entity 1: modified_booth_algorithm_4bit File: D:/WORK/intel/BOOTH ALGORITHM/code/modified_booth_algorithm_4bit.v Line: 1
Info (12021): Found 1 design units, including 1 entities, in source file code/2s_complement_mod.v
    Info (12023): Found entity 1: m_2s_complement_mod File: D:/WORK/intel/BOOTH ALGORITHM/code/2s_complement_mod.v Line: 1
Info (12127): Elaborating entity "modified_booth_algorithm_4bit" for the top level hierarchy
Warning (10036): Verilog HDL or VHDL warning at modified_booth_algorithm_4bit.v(101): object "B_TWOS_Complement" assigned a value but never read File: D:/WORK/intel/BOOTH ALGORITHM/code/modified_booth_algorithm_4bit.v Line: 101
Warning (10230): Verilog HDL assignment warning at modified_booth_algorithm_4bit.v(207): truncated value with size 32 to match size of target (2) File: D:/WORK/intel/BOOTH ALGORITHM/code/modified_booth_algorithm_4bit.v Line: 207
Warning (10230): Verilog HDL assignment warning at modified_booth_algorithm_4bit.v(252): truncated value with size 32 to match size of target (2) File: D:/WORK/intel/BOOTH ALGORITHM/code/modified_booth_algorithm_4bit.v Line: 252
Warning (10230): Verilog HDL assignment warning at modified_booth_algorithm_4bit.v(314): truncated value with size 32 to match size of target (2) File: D:/WORK/intel/BOOTH ALGORITHM/code/modified_booth_algorithm_4bit.v Line: 314
Warning (10230): Verilog HDL assignment warning at modified_booth_algorithm_4bit.v(351): truncated value with size 32 to match size of target (2) File: D:/WORK/intel/BOOTH ALGORITHM/code/modified_booth_algorithm_4bit.v Line: 351
Warning (10230): Verilog HDL assignment warning at modified_booth_algorithm_4bit.v(375): truncated value with size 32 to match size of target (2) File: D:/WORK/intel/BOOTH ALGORITHM/code/modified_booth_algorithm_4bit.v Line: 375
Warning (10230): Verilog HDL assignment warning at modified_booth_algorithm_4bit.v(382): truncated value with size 32 to match size of target (2) File: D:/WORK/intel/BOOTH ALGORITHM/code/modified_booth_algorithm_4bit.v Line: 382
Info (12128): Elaborating entity "m_2s_complement_mod" for hierarchy "m_2s_complement_mod:TWOS_Compl_5bit" File: D:/WORK/intel/BOOTH ALGORITHM/code/modified_booth_algorithm_4bit.v Line: 66
Warning (10230): Verilog HDL assignment warning at 2s_complement_mod.v(39): truncated value with size 32 to match size of target (5) File: D:/WORK/intel/BOOTH ALGORITHM/code/2s_complement_mod.v Line: 39
Info (12128): Elaborating entity "m_2s_complement_mod" for hierarchy "m_2s_complement_mod:TWOS_Compl_6bit" File: D:/WORK/intel/BOOTH ALGORITHM/code/modified_booth_algorithm_4bit.v Line: 82
Warning (10230): Verilog HDL assignment warning at 2s_complement_mod.v(39): truncated value with size 32 to match size of target (6) File: D:/WORK/intel/BOOTH ALGORITHM/code/2s_complement_mod.v Line: 39
Info (12128): Elaborating entity "m_2s_complement_mod" for hierarchy "m_2s_complement_mod:TWOS_Compl_10bit" File: D:/WORK/intel/BOOTH ALGORITHM/code/modified_booth_algorithm_4bit.v Line: 98
Warning (10230): Verilog HDL assignment warning at 2s_complement_mod.v(39): truncated value with size 32 to match size of target (10) File: D:/WORK/intel/BOOTH ALGORITHM/code/2s_complement_mod.v Line: 39
Info (286030): Timing-Driven Synthesis is running
Info (17049): 23 registers lost all their fanouts during netlist optimizations.
Info (144001): Generated suppressed messages file D:/WORK/intel/BOOTH ALGORITHM/output_files/modified_booth_algorithm_4bit.map.smsg
Info (16010): Generating hard_block partition "hard_block:auto_generated_inst"
    Info (16011): Adding 0 node(s), including 0 DDIO, 0 PLL, 0 transceiver and 0 LCELL
Info (21057): Implemented 217 device resources after synthesis - the final resource count might be different
    Info (21058): Implemented 13 input pins
    Info (21059): Implemented 11 output pins
    Info (21061): Implemented 193 logic cells
Info: Quartus Prime Analysis & Synthesis was successful. 0 errors, 11 warnings
    Info: Peak virtual memory: 4863 megabytes
    Info: Processing ended: Sat May  4 19:42:51 2024
    Info: Elapsed time: 00:00:14
    Info: Total CPU time (on all processors): 00:00:24


+------------------------------------------+
; Analysis & Synthesis Suppressed Messages ;
+------------------------------------------+
The suppressed messages can be found in D:/WORK/intel/BOOTH ALGORITHM/output_files/modified_booth_algorithm_4bit.map.smsg.


