18:24:03 INFO  : Registering command handlers for SDK TCF services
18:24:03 INFO  : Launching XSCT server: xsct.bat -interactive D:\RHITHIK\MY_WORK\MODIFIED_BOOTH_4BIT\project\Final_Pjt\final_booth_algo_4bit\final_booth_algo_4bit.sdk\temp_xsdb_launch_script.tcl
18:24:05 INFO  : XSCT server has started successfully.
18:24:07 INFO  : Successfully done setting XSCT server connection channel  
18:24:07 INFO  : Successfully done setting SDK workspace  
18:24:07 INFO  : Processing command line option -hwspec D:/RHITHIK/MY_WORK/MODIFIED_BOOTH_4BIT/project/Final_Pjt/final_booth_algo_4bit/final_booth_algo_4bit.sdk/design_1_wrapper.hdf.
18:25:15 INFO  : Connected to target on host '127.0.0.1' and port '3121'.
18:25:16 INFO  : 'targets -set -filter {jtag_cable_name =~ "Digilent Zed 210248B849FD" && level==0} -index 1' command is executed.
18:25:18 INFO  : FPGA configured successfully with bitstream "D:/RHITHIK/MY_WORK/MODIFIED_BOOTH_4BIT/project/Final_Pjt/final_booth_algo_4bit/final_booth_algo_4bit.sdk/design_1_wrapper_hw_platform_0/design_1_wrapper.bit"
18:25:46 INFO  : 'targets -set -filter {jtag_cable_name =~ "Digilent Zed 210248B849FD" && level==0} -index 1' command is executed.
18:25:46 INFO  : 'fpga -state' command is executed.
18:25:46 INFO  : Connected to target on host '127.0.0.1' and port '3121'.
18:25:46 INFO  : Jtag cable 'Digilent Zed 210248B849FD' is selected.
18:25:46 INFO  : 'jtag frequency' command is executed.
18:25:46 INFO  : Sourcing of 'D:/RHITHIK/MY_WORK/MODIFIED_BOOTH_4BIT/project/Final_Pjt/final_booth_algo_4bit/final_booth_algo_4bit.sdk/design_1_wrapper_hw_platform_0/ps7_init.tcl' is done.
18:25:46 INFO  : Context for 'APU' is selected.
18:25:46 INFO  : Hardware design information is loaded from 'D:/RHITHIK/MY_WORK/MODIFIED_BOOTH_4BIT/project/Final_Pjt/final_booth_algo_4bit/final_booth_algo_4bit.sdk/design_1_wrapper_hw_platform_0/system.hdf'.
18:25:46 INFO  : 'configparams force-mem-access 1' command is executed.
18:25:46 INFO  : Context for 'APU' is selected.
18:25:46 INFO  : 'stop' command is executed.
18:25:46 INFO  : 'ps7_init' command is executed.
18:25:46 INFO  : 'ps7_post_config' command is executed.
18:25:46 INFO  : Context for processor 'ps7_cortexa9_0' is selected.
18:25:46 INFO  : Processor reset is completed for 'ps7_cortexa9_0'.
18:25:46 INFO  : Context for processor 'ps7_cortexa9_0' is selected.
18:25:46 INFO  : The application 'D:/RHITHIK/MY_WORK/MODIFIED_BOOTH_4BIT/project/Final_Pjt/final_booth_algo_4bit/final_booth_algo_4bit.sdk/final_mba/Debug/final_mba.elf' is downloaded to processor 'ps7_cortexa9_0'.
18:25:46 INFO  : 'configparams force-mem-access 0' command is executed.
18:25:46 INFO  : ----------------XSDB Script----------------
connect -url tcp:127.0.0.1:3121
source D:/RHITHIK/MY_WORK/MODIFIED_BOOTH_4BIT/project/Final_Pjt/final_booth_algo_4bit/final_booth_algo_4bit.sdk/design_1_wrapper_hw_platform_0/ps7_init.tcl
targets -set -nocase -filter {name =~"APU*" && jtag_cable_name =~ "Digilent Zed 210248B849FD"} -index 0
loadhw -hw D:/RHITHIK/MY_WORK/MODIFIED_BOOTH_4BIT/project/Final_Pjt/final_booth_algo_4bit/final_booth_algo_4bit.sdk/design_1_wrapper_hw_platform_0/system.hdf -mem-ranges [list {0x40000000 0xbfffffff}]
configparams force-mem-access 1
targets -set -nocase -filter {name =~"APU*" && jtag_cable_name =~ "Digilent Zed 210248B849FD"} -index 0
stop
ps7_init
ps7_post_config
targets -set -nocase -filter {name =~ "ARM*#0" && jtag_cable_name =~ "Digilent Zed 210248B849FD"} -index 0
rst -processor
targets -set -nocase -filter {name =~ "ARM*#0" && jtag_cable_name =~ "Digilent Zed 210248B849FD"} -index 0
dow D:/RHITHIK/MY_WORK/MODIFIED_BOOTH_4BIT/project/Final_Pjt/final_booth_algo_4bit/final_booth_algo_4bit.sdk/final_mba/Debug/final_mba.elf
configparams force-mem-access 0
----------------End of Script----------------

18:25:46 INFO  : Memory regions updated for context APU
18:25:46 INFO  : Context for processor 'ps7_cortexa9_0' is selected.
18:25:46 INFO  : 'con' command is executed.
18:25:46 INFO  : ----------------XSDB Script (After Launch)----------------
targets -set -nocase -filter {name =~ "ARM*#0" && jtag_cable_name =~ "Digilent Zed 210248B849FD"} -index 0
con
----------------End of Script----------------

18:25:46 INFO  : Launch script is exported to file 'D:\RHITHIK\MY_WORK\MODIFIED_BOOTH_4BIT\project\Final_Pjt\final_booth_algo_4bit\final_booth_algo_4bit.sdk\.sdk\launch_scripts\xilinx_c-c++_application_(system_debugger)\system_debugger_using_debug_final_mba.elf_on_local.tcl'
